2023-09-12 23:24:39,480 - INFO - Script started.
2023-09-12 23:24:48,953 - INFO - Counter: 1
2023-09-12 23:24:48,953 - INFO - Number of timestamps: 481
2023-09-12 23:24:48,953 - INFO - Drum frequency range: [2000, 5000]
2023-09-12 23:24:55,254 - INFO - Counter: 2
2023-09-12 23:24:55,255 - INFO - Number of timestamps: 482
2023-09-12 23:24:55,255 - INFO - Drum frequency range: [2500, 5000]
2023-09-12 23:25:01,491 - INFO - Counter: 3
2023-09-12 23:25:01,491 - INFO - Number of timestamps: 456
2023-09-12 23:25:01,491 - INFO - Drum frequency range: [3000, 5000]
2023-09-12 23:25:07,751 - INFO - Counter: 4
2023-09-12 23:25:07,755 - INFO - Number of timestamps: 447
2023-09-12 23:25:07,755 - INFO - Drum frequency range: [3500, 5000]
2023-09-12 23:25:13,963 - INFO - Counter: 5
2023-09-12 23:25:13,963 - INFO - Number of timestamps: 427
2023-09-12 23:25:13,963 - INFO - Drum frequency range: [4000, 5000]
2023-09-12 23:25:20,198 - INFO - Counter: 6
2023-09-12 23:25:20,199 - INFO - Number of timestamps: 518
2023-09-12 23:25:20,199 - INFO - Drum frequency range: [4500, 5000]
2023-09-12 23:25:27,085 - INFO - Counter: 1
2023-09-12 23:25:27,085 - INFO - Number of timestamps: 13
2023-09-12 23:25:27,085 - INFO - Drum frequency range: [1500, 5500]
2023-09-12 23:25:27,445 - INFO - Counter: 2
2023-09-12 23:25:27,445 - INFO - Number of timestamps: 13
2023-09-12 23:25:27,445 - INFO - Drum frequency range: [1500, 6000]
2023-09-12 23:25:27,810 - INFO - Counter: 3
2023-09-12 23:25:27,810 - INFO - Number of timestamps: 13
2023-09-12 23:25:27,810 - INFO - Drum frequency range: [1500, 6500]
2023-09-12 23:25:28,163 - INFO - Counter: 4
2023-09-12 23:25:28,163 - INFO - Number of timestamps: 13
2023-09-12 23:25:28,163 - INFO - Drum frequency range: [1500, 7000]
2023-09-12 23:25:28,516 - INFO - Counter: 5
2023-09-12 23:25:28,516 - INFO - Number of timestamps: 13
2023-09-12 23:25:28,516 - INFO - Drum frequency range: [1500, 7500]
2023-09-12 23:25:28,866 - INFO - Counter: 6
2023-09-12 23:25:28,867 - INFO - Number of timestamps: 13
2023-09-12 23:25:28,867 - INFO - Drum frequency range: [1500, 8000]
2023-09-12 23:25:36,054 - INFO - Counter: 1
2023-09-12 23:25:36,055 - INFO - Number of timestamps: 835
2023-09-12 23:25:36,055 - INFO - Drum frequency range: [2000, 5000]
2023-09-12 23:25:40,618 - INFO - Counter: 2
2023-09-12 23:25:40,618 - INFO - Number of timestamps: 831
2023-09-12 23:25:40,618 - INFO - Drum frequency range: [2500, 5000]
2023-09-12 23:25:45,161 - INFO - Counter: 3
2023-09-12 23:25:45,162 - INFO - Number of timestamps: 784
2023-09-12 23:25:45,162 - INFO - Drum frequency range: [3000, 5000]
2023-09-12 23:25:49,728 - INFO - Counter: 4
2023-09-12 23:25:49,728 - INFO - Number of timestamps: 711
2023-09-12 23:25:49,728 - INFO - Drum frequency range: [3500, 5000]
2023-09-12 23:25:54,289 - INFO - Counter: 5
2023-09-12 23:25:54,289 - INFO - Number of timestamps: 659
2023-09-12 23:25:54,289 - INFO - Drum frequency range: [4000, 5000]
2023-09-12 23:25:58,880 - INFO - Counter: 6
2023-09-12 23:25:58,880 - INFO - Number of timestamps: 617
2023-09-12 23:25:58,880 - INFO - Drum frequency range: [4500, 5000]
2023-09-12 23:26:12,788 - INFO - Counter: 1
2023-09-12 23:26:12,788 - INFO - Number of timestamps: 572
2023-09-12 23:26:12,788 - INFO - Drum frequency range: [2000, 5000]
2023-09-12 23:26:19,140 - INFO - Counter: 2
2023-09-12 23:26:19,140 - INFO - Number of timestamps: 500
2023-09-12 23:26:19,140 - INFO - Drum frequency range: [2500, 5000]
2023-09-12 23:26:25,538 - INFO - Counter: 3
2023-09-12 23:26:25,538 - INFO - Number of timestamps: 486
2023-09-12 23:26:25,538 - INFO - Drum frequency range: [3000, 5000]
2023-09-12 23:26:31,890 - INFO - Counter: 4
2023-09-12 23:26:31,890 - INFO - Number of timestamps: 458
2023-09-12 23:26:31,890 - INFO - Drum frequency range: [3500, 5000]
2023-09-12 23:26:38,456 - INFO - Counter: 5
2023-09-12 23:26:38,457 - INFO - Number of timestamps: 421
2023-09-12 23:26:38,457 - INFO - Drum frequency range: [4000, 5000]
2023-09-12 23:26:45,061 - INFO - Counter: 6
2023-09-12 23:26:45,061 - INFO - Number of timestamps: 376
2023-09-12 23:26:45,061 - INFO - Drum frequency range: [4500, 5000]
2023-09-12 23:26:51,745 - INFO - Script finished.
